#
# There is insufficient memory for the Java Runtime Environment to continue.
# Native memory allocation (mmap) failed to map 67108864 bytes for Failed to commit area from 0x00000000c1a00000 to 0x00000000c5a00000 of length 67108864.
# Possible reasons:
#   The system is out of physical RAM or swap space
#   The process is running with CompressedOops enabled, and the Java Heap may be blocking the growth of the native heap
# Possible solutions:
#   Reduce memory load on the system
#   Increase physical memory or swap space
#   Check if swap backing store is full
#   Decrease Java heap size (-Xmx/-Xms)
#   Decrease number of Java threads
#   Decrease Java thread stack sizes (-Xss)
#   Set larger code cache with -XX:ReservedCodeCacheSize=
# This output file may be truncated or incomplete.
#
#  Out of Memory Error (t:/workspace/hotspot/src/os/windows/vm/os_windows.cpp:3357), pid=20368, tid=19568
#
# JRE version:  (9.0+11) (build )
# Java VM: Java HotSpot(TM) 64-Bit Server VM (9.0.4+11, mixed mode, tiered, compressed oops, g1 gc, windows-amd64)
# No core dump will be written. Minidumps are not enabled by default on client versions of Windows
#

---------------  S U M M A R Y ------------

Command Line: -Dfile.encoding=Cp1256 TheFrame

Host: Intel(R) Core(TM) i5-6200U CPU @ 2.30GHz, 4 cores, 3G,  Windows 10 , 64 bit Build 16299 (10.0.16299.15)
Time: Wed Mar 21 19:16:59 2018 Jerusalem Standard Time elapsed time: 0 seconds (0d 0h 0m 0s)

---------------  T H R E A D  ---------------

Current thread (0x0000020acfddd000):  JavaThread "Unknown thread" [_thread_in_vm, id=19568, stack(0x0000008b1c000000,0x0000008b1c100000)]

Stack: [0x0000008b1c000000,0x0000008b1c100000]
Native frames: (J=compiled Java code, j=interpreted, Vv=VM code, C=native code)
V  [jvm.dll+0x587068]
V  [jvm.dll+0x69c25e]
V  [jvm.dll+0x69d17a]
V  [jvm.dll+0x69d7b3]
V  [jvm.dll+0x21d198]
V  [jvm.dll+0x584bb4]
V  [jvm.dll+0x57a095]
V  [jvm.dll+0x2cd67b]
V  [jvm.dll+0x2cd5e3]
V  [jvm.dll+0x2cd4b2]
V  [jvm.dll+0x2cf4b3]
V  [jvm.dll+0x3191e3]
V  [jvm.dll+0x3198f6]
V  [jvm.dll+0x3192e3]
V  [jvm.dll+0x2adeb8]
V  [jvm.dll+0x2af0e7]
V  [jvm.dll+0x67b34d]
V  [jvm.dll+0x67c70c]
V  [jvm.dll+0x3269c9]
V  [jvm.dll+0x66555e]
V  [jvm.dll+0x391811]
V  [jvm.dll+0x3937c1]
C  [javaw.exe+0x3501]
C  [javaw.exe+0xe25f]
C  [javaw.exe+0xe406]
C  [KERNEL32.DLL+0x11fe4]
C  [ntdll.dll+0x6efc1]


---------------  P R O C E S S  ---------------

Java Threads: ( => current thread )

Other Threads:
  0x0000020acfdf4000 GCTaskThread "GC Thread#0" [stack: 0x0000008b1c100000,0x0000008b1c200000] [id=19576]
  0x0000020acfdf5800 GCTaskThread "GC Thread#1" [stack: 0x0000008b1c200000,0x0000008b1c300000] [id=19580]
  0x0000020acfdf7000 GCTaskThread "GC Thread#2" [stack: 0x0000008b1c300000,0x0000008b1c400000] [id=19584]
  0x0000020acfe02000 GCTaskThread "GC Thread#3" [stack: 0x0000008b1c400000,0x0000008b1c500000] [id=19596]
  0x0000020acfe45000 ConcurrentGCThread "G1 Main Marker" [stack: 0x0000008b1ca00000,0x0000008b1cb00000] [id=19356]
  0x0000020acfe46000 ConcurrentGCThread "G1 Marker#0" [stack: 0x0000008b1cb00000,0x0000008b1cc00000] [id=19120]
  0x0000020acfe0e800 ConcurrentGCThread "G1 Refine#0" [stack: 0x0000008b1c800000,0x0000008b1c900000] [id=19600]
  0x0000020acfe0d800 ConcurrentGCThread "G1 Refine#1" [stack: 0x0000008b1c700000,0x0000008b1c800000] [id=19520]
  0x0000020acfe0d000 ConcurrentGCThread "G1 Refine#2" [stack: 0x0000008b1c600000,0x0000008b1c700000] [id=14220]
  0x0000020acfe09000 ConcurrentGCThread "G1 Refine#3" [stack: 0x0000008b1c500000,0x0000008b1c600000] [id=19516]
  0x0000020acfe10800 ConcurrentGCThread "G1 Young RemSet Sampling" [stack: 0x0000008b1c900000,0x0000008b1ca00000] [id=17124]

=>0x0000020acfddd000 (exited) JavaThread "Unknown thread" [_thread_in_vm, id=19568, stack(0x0000008b1c000000,0x0000008b1c100000)]

Threads with active compile tasks:

VM state:not at safepoint (not fully initialized)

VM Mutex/Monitor currently owned by a thread:  ([mutex/lock_event])
[0x0000020acfddbe20] Heap_lock - owner thread: 0x0000020acfddd000

Heap address: 0x00000000c1a00000, size: 998 MB, Compressed Oops mode: Non-zero based: 0x00000000c1a00000
Narrow klass base: 0x0000000000000000, Narrow klass shift: 0

GC Heap History (0 events):
No events

Deoptimization events (0 events):
No events

Classes redefined (0 events):
No events

Internal exceptions (0 events):
No events

Events (0 events):
No events


Dynamic libraries:
0x00007ff6a5250000 - 0x00007ff6a528e000 	C:\Program Files\Java\jre-9.0.4\bin\javaw.exe
0x00007ffb87300000 - 0x00007ffb874e0000 	C:\WINDOWS\SYSTEM32\ntdll.dll
0x00007ffb87120000 - 0x00007ffb871ce000 	C:\WINDOWS\System32\KERNEL32.DLL
0x00007ffb83e70000 - 0x00007ffb840d6000 	C:\WINDOWS\System32\KERNELBASE.dll
0x00007ffb847d0000 - 0x00007ffb84871000 	C:\WINDOWS\System32\ADVAPI32.dll
0x00007ffb85280000 - 0x00007ffb8531d000 	C:\WINDOWS\System32\msvcrt.dll
0x00007ffb84ba0000 - 0x00007ffb84bfb000 	C:\WINDOWS\System32\sechost.dll
0x00007ffb84d60000 - 0x00007ffb84e7f000 	C:\WINDOWS\System32\RPCRT4.dll
0x00007ffb84eb0000 - 0x00007ffb8503f000 	C:\WINDOWS\System32\USER32.dll
0x00007ffb83e50000 - 0x00007ffb83e70000 	C:\WINDOWS\System32\win32u.dll
0x00007ffb84e80000 - 0x00007ffb84ea8000 	C:\WINDOWS\System32\GDI32.dll
0x00007ffb845d0000 - 0x00007ffb84763000 	C:\WINDOWS\System32\gdi32full.dll
0x00007ffb84530000 - 0x00007ffb845cb000 	C:\WINDOWS\System32\msvcp_win.dll
0x00007ffb840e0000 - 0x00007ffb841d6000 	C:\WINDOWS\System32\ucrtbase.dll
0x00007ffb7e2d0000 - 0x00007ffb7e2da000 	C:\WINDOWS\SYSTEM32\VERSION.dll
0x00007ffb7c3c0000 - 0x00007ffb7c629000 	C:\WINDOWS\WinSxS\amd64_microsoft.windows.common-controls_6595b64144ccf1df_6.0.16299.309_none_15cfd4c4935e6b11\COMCTL32.dll
0x00007ffb85770000 - 0x00007ffb85a78000 	C:\WINDOWS\System32\combase.dll
0x00007ffb844b0000 - 0x00007ffb84522000 	C:\WINDOWS\System32\bcryptPrimitives.dll
0x00007ffb872a0000 - 0x00007ffb872cd000 	C:\WINDOWS\System32\IMM32.DLL
0x00007ffb605e0000 - 0x00007ffb606cf000 	C:\Program Files\Java\jre-9.0.4\bin\msvcr120.dll
0x00007ffb60530000 - 0x00007ffb605d6000 	C:\Program Files\Java\jre-9.0.4\bin\msvcp120.dll
0x00000000624f0000 - 0x0000000062f15000 	C:\Program Files\Java\jre-9.0.4\bin\server\jvm.dll
0x00007ffb84b80000 - 0x00007ffb84b88000 	C:\WINDOWS\System32\PSAPI.DLL
0x00007ffb81200000 - 0x00007ffb81223000 	C:\WINDOWS\SYSTEM32\WINMM.dll
0x00007ffb77b80000 - 0x00007ffb77b89000 	C:\WINDOWS\SYSTEM32\WSOCK32.dll
0x00007ffb87230000 - 0x00007ffb8729c000 	C:\WINDOWS\System32\WS2_32.dll
0x00007ffb811d0000 - 0x00007ffb811fa000 	C:\WINDOWS\SYSTEM32\winmmbase.dll
0x00007ffb841e0000 - 0x00007ffb8422a000 	C:\WINDOWS\System32\cfgmgr32.dll
0x00007ffb7d930000 - 0x00007ffb7d93f000 	C:\Program Files\Java\jre-9.0.4\bin\verify.dll
0x00007ffb7a6d0000 - 0x00007ffb7a6f7000 	C:\Program Files\Java\jre-9.0.4\bin\java.dll
0x00007ffb77a60000 - 0x00007ffb77a76000 	C:\Program Files\Java\jre-9.0.4\bin\zip.dll
0x00007ffb7d4e0000 - 0x00007ffb7d4ea000 	C:\Program Files\Java\jre-9.0.4\bin\jimage.dll
0x00007ffb82360000 - 0x00007ffb82528000 	C:\WINDOWS\SYSTEM32\dbghelp.dll

VM Arguments:
jvm_args: -Dfile.encoding=Cp1256 
java_command: TheFrame
java_class_path (initial): C:\Users\Pascal\Documents\Java Codes\HW2\bin
Launcher Type: SUN_STANDARD

Logging:
Log output configuration:
#0: stdout all=warning uptime,level,tags
#1: stderr all=off uptime,level,tags

Environment Variables:
JAVA_HOME=C:\Program Files\Java\jdk-9.0.4
PATH=C:\ProgramData\Oracle\Java\javapath;C:\WINDOWS\system32;C:\WINDOWS;C:\WINDOWS\System32\Wbem;C:\WINDOWS\System32\WindowsPowerShell\v1.0\;C:\WINDOWS\system32\config\systemprofile\.dnx\bin;C:\Program Files\Microsoft DNX\Dnvm\;C:\Program Files\Microsoft SQL Server\120\Tools\Binn\;C:\Program Files (x86)\Windows Kits\8.1\Windows Performance Toolkit\;C:\Program Files\Java\jdk-9.0.4\bin;C:\Program Files\Java\jre-9.0.4\bin;C:\Program Files (x86)\GtkSharp\2.12\bin;C:\Users\Pascal\AppData\Local\Microsoft\WindowsApps;
USERNAME=Pascal
OS=Windows_NT
PROCESSOR_IDENTIFIER=Intel64 Family 6 Model 78 Stepping 3, GenuineIntel



---------------  S Y S T E M  ---------------

OS: Windows 10 , 64 bit Build 16299 (10.0.16299.15)

CPU:total 4 (initial active 4) (2 cores per cpu, 2 threads per core) family 6 model 78 stepping 3, cmov, cx8, fxsr, mmx, sse, sse2, sse3, ssse3, sse4.1, sse4.2, popcnt, avx, avx2, aes, clmul, erms, 3dnowpref, lzcnt, ht, tsc, tscinvbit, bmi1, bmi2, adx, fma

Memory: 4k page, physical 4082688k(302440k free), swap 16665600k(41156k free)

vm_info: Java HotSpot(TM) 64-Bit Server VM (9.0.4+11) for windows-amd64 JRE (9.0.4+11), built on Dec 20 2017 02:18:54 by "mach5one" with MS VC++ 12.0 (VS2013)

END.
